<?xml version="1.0" encoding="UTF-8"?>
<testng-results skipped="0" failed="0" total="1" passed="1">
  <reporter-output>
  </reporter-output>
  <suite name="Default suite" duration-ms="15076" started-at="2023-12-20T08:35:16Z" finished-at="2023-12-20T08:35:31Z">
    <groups>
    </groups>
    <test name="Default test" duration-ms="15076" started-at="2023-12-20T08:35:16Z" finished-at="2023-12-20T08:35:31Z">
      <class name="org.testing.TestNGTask1">
        <test-method status="PASS" signature="LaunchBrowser()[pri:0, instance:org.testing.TestNGTask1@59f99ea]" name="LaunchBrowser" is-config="true" duration-ms="9327" started-at="2023-12-20T14:05:16Z" finished-at="2023-12-20T14:05:25Z">
          <reporter-output>
          </reporter-output>
        </test-method> <!-- LaunchBrowser -->
        <test-method status="PASS" signature="StartTime()[pri:0, instance:org.testing.TestNGTask1@59f99ea]" name="StartTime" is-config="true" duration-ms="2854" started-at="2023-12-20T14:05:25Z" finished-at="2023-12-20T14:05:28Z">
          <reporter-output>
          </reporter-output>
        </test-method> <!-- StartTime -->
        <test-method status="PASS" signature="Test()[pri:0, instance:org.testing.TestNGTask1@59f99ea]" name="Test" duration-ms="2395" started-at="2023-12-20T14:05:28Z" finished-at="2023-12-20T14:05:30Z">
          <reporter-output>
          </reporter-output>
        </test-method> <!-- Test -->
        <test-method status="PASS" signature="EndTime()[pri:0, instance:org.testing.TestNGTask1@59f99ea]" name="EndTime" is-config="true" duration-ms="0" started-at="2023-12-20T14:05:30Z" finished-at="2023-12-20T14:05:30Z">
          <reporter-output>
          </reporter-output>
        </test-method> <!-- EndTime -->
        <test-method status="PASS" signature="BrowserClose()[pri:0, instance:org.testing.TestNGTask1@59f99ea]" name="BrowserClose" is-config="true" duration-ms="466" started-at="2023-12-20T14:05:30Z" finished-at="2023-12-20T14:05:31Z">
          <reporter-output>
          </reporter-output>
        </test-method> <!-- BrowserClose -->
      </class> <!-- org.testing.TestNGTask1 -->
    </test> <!-- Default test -->
  </suite> <!-- Default suite -->
</testng-results>
